<?xml version="1.0" encoding="UTF-8"?>
<!-- Generated by org.testng.reporters.JUnitReportReporter -->
<testsuite hostname="AnkitSwat" failures="0" tests="2" name="Day6.SerializationDeserialization" time="0.176" errors="0" timestamp="2023-04-08T00:37:03 IST" skipped="0">
  <testcase classname="Day6.SerializationDeserialization" name="convertJson2Pojo" time="0.164"/>
  <system-out/>
  <testcase classname="Day6.SerializationDeserialization" name="convertPojo2Json" time="0.012"/>
  <system-out/>
</testsuite> <!-- Day6.SerializationDeserialization -->
