<?xml version="1.0" encoding="UTF-8"?>
<!-- Generated by org.testng.reporters.JUnitReportReporter -->
<testsuite hostname="AnkitSwat" failures="0" tests="5" name="Day7.Authentications" time="7.562" errors="0" timestamp="2023-04-08T23:41:58 IST" skipped="0">
  <testcase classname="Day7.Authentications" name="testBasicAuthentication" time="3.019"/>
  <system-out/>
  <testcase classname="Day7.Authentications" name="testDigestAuthentication" time="1.866"/>
  <system-out/>
  <testcase classname="Day7.Authentications" name="testPreemptiveAuthentication" time="1.622"/>
  <system-out/>
  <testcase classname="Day7.Authentications" name="testBearerAuthentication" time="0.614"/>
  <system-out/>
  <testcase classname="Day7.Authentications" name="testOauth2Authentication" time="0.441"/>
  <system-out/>
</testsuite> <!-- Day7.Authentications -->
