<?xml version="1.0" encoding="UTF-8"?>
<!-- Generated by org.testng.reporters.JUnitReportReporter -->
<testsuite hostname="AnkitSwat" failures="0" tests="2" name="Day2.WaysToCreatePostRequestBody" time="1.651" errors="0" timestamp="2023-03-17T20:36:51 IST" skipped="0">
  <testcase classname="Day2.WaysToCreatePostRequestBody" name="testPostUsingHashMap" time="1.602"/>
  <system-out/>
  <testcase classname="Day2.WaysToCreatePostRequestBody" name="testDelete" time="0.049"/>
  <system-out/>
</testsuite> <!-- Day2.WaysToCreatePostRequestBody -->
