<?xml version="1.0" encoding="UTF-8"?>
<!-- Generated by org.testng.reporters.JUnitReportReporter -->
<testsuite hostname="AnkitSwat" failures="0" tests="2" name="Day3.CookiesDemo" time="2.151" errors="0" timestamp="2023-03-23T21:51:21 IST" skipped="1">
  <testcase classname="Day3.CookiesDemo" name="testCookies2" time="2.151"/>
  <system-out/>
  <testcase classname="Day3.CookiesDemo" name="testCookies">
    <skipped/>
  </testcase> <!-- testCookies -->
  <system-out/>
</testsuite> <!-- Day3.CookiesDemo -->
