<?xml version="1.0" encoding="UTF-8"?>
<!-- Generated by org.testng.reporters.JUnitReportReporter -->
<testsuite hostname="AnkitSwat" failures="0" tests="3" name="Day5.FileUploadAndDownload" time="1.379" errors="0" timestamp="2023-03-28T21:44:20 IST" skipped="1">
  <testcase classname="Day5.FileUploadAndDownload" name="singleFileUpload" time="0.439"/>
  <system-out/>
  <testcase classname="Day5.FileUploadAndDownload" name="fileDownload" time="0.940"/>
  <system-out/>
  <testcase classname="Day5.FileUploadAndDownload" name="multipleFileUpload">
    <skipped/>
  </testcase> <!-- multipleFileUpload -->
  <system-out/>
</testsuite> <!-- Day5.FileUploadAndDownload -->
