<?xml version="1.0" encoding="UTF-8"?>
<!-- Generated by org.testng.reporters.JUnitReportReporter -->
<testsuite hostname="AnkitSwat" failures="0" tests="1" name="Day8.DeleteUser" time="0.765" errors="0" timestamp="2023-04-11T21:57:08 IST" skipped="0">
  <testcase classname="Day8.DeleteUser" name="test_DeleteUser" time="0.765"/>
  <system-out/>
</testsuite> <!-- Day8.DeleteUser -->
