<?xml version="1.0" encoding="UTF-8"?>
<!-- Generated by org.testng.reporters.JUnitReportReporter -->
<testsuite hostname="AnkitSwat" failures="0" tests="1" name="Day3.PathAndQueryParameters" time="1.748" errors="0" timestamp="2023-03-23T20:50:41 IST" skipped="0">
  <testcase classname="Day3.PathAndQueryParameters" name="testQueryAndPathParameters" time="1.748"/>
  <system-out/>
</testsuite> <!-- Day3.PathAndQueryParameters -->
