<?xml version="1.0" encoding="UTF-8"?>
<!-- Generated by org.testng.reporters.JUnitReportReporter -->
<testsuite hostname="AnkitSwat" failures="0" tests="2" name="Day3.HeadersDemo" time="1.351" errors="0" timestamp="2023-03-24T20:17:20 IST" skipped="1">
  <testcase classname="Day3.HeadersDemo" name="getHeaders" time="1.351"/>
  <system-out/>
  <testcase classname="Day3.HeadersDemo" name="testHeaders">
    <skipped/>
  </testcase> <!-- testHeaders -->
  <system-out/>
</testsuite> <!-- Day3.HeadersDemo -->
