<?xml version="1.0" encoding="UTF-8"?>
<!-- Generated by org.testng.reporters.JUnitReportReporter -->
<testsuite hostname="AnkitSwat" failures="0" tests="1" name="Day1.HTTPRequests" time="1.999" errors="0" timestamp="2023-03-15T21:09:34 IST" skipped="0">
  <testcase classname="Day1.HTTPRequests" name="getUsers" time="1.999"/>
  <system-out/>
</testsuite> <!-- Day1.HTTPRequests -->
