<?xml version="1.0" encoding="UTF-8"?>
<!-- Generated by org.testng.reporters.JUnitReportReporter -->
<testsuite hostname="AnkitSwat" failures="0" tests="4" name="Day1.HTTPRequests" time="3.778" errors="0" timestamp="2023-03-16T20:41:12 IST" skipped="0">
  <testcase classname="Day1.HTTPRequests" name="getUsers" time="1.721"/>
  <system-out/>
  <testcase classname="Day1.HTTPRequests" name="createUserGetId" time="0.838"/>
  <system-out/>
  <testcase classname="Day1.HTTPRequests" name="updateUser" time="0.626"/>
  <system-out/>
  <testcase classname="Day1.HTTPRequests" name="deleteUser" time="0.593"/>
  <system-out/>
</testsuite> <!-- Day1.HTTPRequests -->
