<?xml version="1.0" encoding="UTF-8"?>
<!-- Generated by org.testng.reporters.JUnitReportReporter -->
<testsuite hostname="AnkitSwat" failures="0" tests="1" name="FakerDataGenerater" time="0.231" errors="0" timestamp="2023-04-09T23:35:20 IST" skipped="0">
  <testcase classname="FakerDataGenerater" name="testGenerateDummyData" time="0.231"/>
  <system-out/>
</testsuite> <!-- FakerDataGenerater -->
