<?xml version="1.0" encoding="UTF-8"?>
<!-- Generated by org.testng.reporters.JUnitReportReporter -->
<testsuite hostname="AnkitSwat" failures="0" tests="1" name="Day8.CreateUser" time="2.126" errors="0" timestamp="2023-04-11T21:57:08 IST" skipped="0">
  <testcase classname="Day8.CreateUser" name="test_CreateUser" time="2.126"/>
  <system-out/>
</testsuite> <!-- Day8.CreateUser -->
