<?xml version="1.0" encoding="UTF-8"?>
<!-- Generated by org.testng.reporters.JUnitReportReporter -->
<testsuite hostname="AnkitSwat" failures="0" tests="3" name="Day4.ParsingJSONResponseData" time="0.940" errors="0" timestamp="2023-03-25T22:15:28 IST" skipped="2">
  <testcase classname="Day4.ParsingJSONResponseData" name="otherScenario" time="0.940"/>
  <system-out/>
  <testcase classname="Day4.ParsingJSONResponseData" name="approach2">
    <skipped/>
  </testcase> <!-- approach2 -->
  <system-out/>
  <testcase classname="Day4.ParsingJSONResponseData" name="testJsonResponse">
    <skipped/>
  </testcase> <!-- testJsonResponse -->
  <system-out/>
</testsuite> <!-- Day4.ParsingJSONResponseData -->
