<?xml version="1.0" encoding="UTF-8"?>
<!-- Generated by org.testng.reporters.JUnitReportReporter -->
<testsuite hostname="AnkitSwat" failures="0" tests="1" name="Day5.ParsingXMLResponse" time="1.442" errors="0" timestamp="2023-03-27T22:19:51 IST" skipped="0">
  <testcase classname="Day5.ParsingXMLResponse" name="testXMLResponse" time="1.442"/>
  <system-out/>
</testsuite> <!-- Day5.ParsingXMLResponse -->
