<?xml version="1.0" encoding="UTF-8"?>
<!-- Generated by org.testng.reporters.JUnitReportReporter -->
<testsuite hostname="AnkitSwat" failures="0" tests="2" name="Day5.ParsingXMLResponse" time="1.556" errors="0" timestamp="2023-03-28T20:44:55 IST" skipped="1">
  <testcase classname="Day5.ParsingXMLResponse" name="testXMLResponseBody" time="1.556"/>
  <system-out/>
  <testcase classname="Day5.ParsingXMLResponse" name="testXMLResponse">
    <skipped/>
  </testcase> <!-- testXMLResponse -->
  <system-out/>
</testsuite> <!-- Day5.ParsingXMLResponse -->
