<?xml version="1.0" encoding="UTF-8"?>
<!-- Generated by org.testng.reporters.JUnitReportReporter -->
<testsuite hostname="AnkitSwat" failures="0" tests="2" name="Day2.WaysToCreatePostRequestBody" time="1.568" errors="0" timestamp="2023-03-18T21:42:47 IST" skipped="0">
  <testcase classname="Day2.WaysToCreatePostRequestBody" name="testPostUsingPOJO" time="1.526"/>
  <system-out/>
  <testcase classname="Day2.WaysToCreatePostRequestBody" name="testDelete" time="0.042"/>
  <system-out/>
</testsuite> <!-- Day2.WaysToCreatePostRequestBody -->
